{
  "RSpec": {
    "coverage": {
      "/Users/tom/makersacademy/projects/week10/tech-tests/bank/spec/account_spec.rb": [
        1,
        null,
        1,
        null,
        4,
        4,
        null,
        1,
        1,
        1,
        null,
        null,
        1,
        4,
        null,
        null,
        1,
        4,
        null,
        null,
        1,
        2,
        null,
        null,
        null,
        1,
        1,
        1,
        null,
        null,
        null,
        1,
        1,
        2,
        null,
        null,
        null,
        null
      ],
      "/Users/tom/makersacademy/projects/week10/tech-tests/bank/lib/account.rb": [
        1,
        null,
        1,
        null,
        1,
        6,
        6,
        null,
        null,
        1,
        1,
        null,
        null,
        1,
        2,
        1,
        null,
        null,
        1,
        1,
        null,
        null
      ],
      "/Users/tom/makersacademy/projects/week10/tech-tests/bank/spec/transaction_spec.rb": [
        1,
        null,
        1,
        1,
        null,
        null
      ],
      "/Users/tom/makersacademy/projects/week10/tech-tests/bank/lib/transaction.rb": [
        1,
        null,
        1,
        null,
        1,
        0,
        0,
        0,
        null,
        null
      ],
      "/Users/tom/makersacademy/projects/week10/tech-tests/bank/spec/user_spec.rb": [
        1,
        null,
        null,
        null,
        1,
        2,
        null,
        1,
        1,
        null,
        null
      ],
      "/Users/tom/makersacademy/projects/week10/tech-tests/bank/lib/user.rb": [
        1,
        null,
        1,
        null,
        1,
        1,
        null,
        null,
        null
      ]
    },
    "timestamp": 1517229701
  }
}
